<?xml version="1.0" encoding="UTF-8"?>
<testng-results ignored="0" total="1" passed="1" failed="0" skipped="0">
  <reporter-output>
  </reporter-output>
  <suite started-at="2022-12-01T13:11:40 PKT" name="Default suite" finished-at="2022-12-01T13:14:42 PKT" duration-ms="181986">
    <groups>
    </groups>
    <test started-at="2022-12-01T13:11:40 PKT" name="Default test" finished-at="2022-12-01T13:14:42 PKT" duration-ms="181986">
      <class name="com.metamask.qa.testcases.test">
        <test-method is-config="true" signature="setUp()[pri:0, instance:com.metamask.qa.testcases.test@408d971b]" started-at="2022-12-01T13:11:40 PKT" name="setUp" finished-at="2022-12-01T13:12:08 PKT" duration-ms="27123" status="PASS">
          <reporter-output>
          </reporter-output>
        </test-method> <!-- setUp -->
        <test-method signature="sampleTest()[pri:0, instance:com.metamask.qa.testcases.test@408d971b]" started-at="2022-12-01T13:12:08 PKT" name="sampleTest" finished-at="2022-12-01T13:14:42 PKT" duration-ms="154739" status="PASS">
          <reporter-output>
          </reporter-output>
        </test-method> <!-- sampleTest -->
      </class> <!-- com.metamask.qa.testcases.test -->
    </test> <!-- Default test -->
  </suite> <!-- Default suite -->
</testng-results>
